[GIN-debug] [WARNING] Creating an Engine instance with the Logger and Recovery middleware already attached.

[GIN-debug] [WARNING] Running in "debug" mode. Switch to "release" mode in production.
 - using env:	export GIN_MODE=release
 - using code:	gin.SetMode(gin.ReleaseMode)

[GIN-debug] GET    /activities/              --> ingsoft/controllers.(*ActivityController).InitActivityControllerRouters.(*ActivityController).GetActivities.func1 (4 handlers)
[GIN-debug] GET    /activities/:id           --> ingsoft/controllers.(*ActivityController).InitActivityControllerRouters.(*ActivityController).GetActivityById.func2 (4 handlers)
[GIN-debug] POST   /activities/              --> ingsoft/controllers.(*ActivityController).InitActivityControllerRouters.(*ActivityController).CreateActivity.func3 (4 handlers)
[GIN-debug] PUT    /activities/:id           --> ingsoft/controllers.(*ActivityController).InitActivityControllerRouters.(*ActivityController).UpdateActivity.func4 (4 handlers)
[GIN-debug] DELETE /activities/:id           --> ingsoft/controllers.(*ActivityController).InitActivityControllerRouters.(*ActivityController).DeleteActivity.func5 (4 handlers)
[GIN-debug] [WARNING] You trusted all proxies, this is NOT safe. We recommend you to set a value.
Please check https://pkg.go.dev/github.com/gin-gonic/gin#readme-don-t-trust-all-proxies for details.
[GIN-debug] Environment variable PORT is undefined. Using port :8080 by default
[GIN-debug] Listening and serving HTTP on :8080
[GIN] 2024/09/02 - 13:21:26 | 200 |      4.0577ms |       127.0.0.1 | GET      "/activities/"
[GIN] 2024/09/02 - 13:21:31 | 200 |      2.5122ms |             ::1 | GET      "/activities/20009"
[GIN] 2024/09/02 - 13:21:50 | 204 |            0s |             ::1 | OPTIONS  "/activities/20009"
[GIN] 2024/09/02 - 13:21:50 | 200 |      6.7933ms |             ::1 | PUT      "/activities/20009"
[GIN] 2024/09/02 - 13:21:52 | 200 |      4.9829ms |             ::1 | GET      "/activities/"
[GIN] 2024/09/02 - 13:21:57 | 204 |            0s |             ::1 | OPTIONS  "/activities/20008"
[GIN] 2024/09/02 - 13:21:57 | 200 |       6.857ms |             ::1 | DELETE   "/activities/20008"
[GIN] 2024/09/02 - 13:21:58 | 200 |      4.8416ms |             ::1 | GET      "/activities/"
[GIN-debug] redirecting request 301: /activities/ --> /activities/
[GIN] 2024/09/02 - 13:23:32 | 200 |      3.2297ms |             ::1 | GET      "/activities/"
[GIN] 2024/09/02 - 13:28:32 | 200 |     10.7828ms |             ::1 | GET      "/activities/"
[GIN] 2024/09/02 - 13:29:03 | 200 |      2.2999ms |             ::1 | GET      "/activities/20009"
[GIN] 2024/09/02 - 13:29:08 | 204 |            0s |             ::1 | OPTIONS  "/activities/20009"
[GIN] 2024/09/02 - 13:29:08 | 200 |      7.0191ms |             ::1 | PUT      "/activities/20009"
[GIN] 2024/09/02 - 13:29:09 | 200 |      3.6728ms |             ::1 | GET      "/activities/"
[GIN] 2024/09/02 - 13:29:16 | 200 |      1.3944ms |             ::1 | GET      "/activities/20009"
[GIN] 2024/09/02 - 13:29:20 | 204 |            0s |             ::1 | OPTIONS  "/activities/20009"
[GIN] 2024/09/02 - 13:29:20 | 200 |     39.8776ms |             ::1 | PUT      "/activities/20009"
[GIN] 2024/09/02 - 13:29:21 | 200 |      3.7971ms |             ::1 | GET      "/activities/"
[GIN] 2024/09/02 - 14:00:34 | 200 |     33.5438ms |             ::1 | GET      "/activities/"
[GIN] 2024/09/02 - 14:22:45 | 200 |      5.0345ms |             ::1 | GET      "/activities/20009"
[GIN] 2024/09/02 - 14:22:48 | 204 |            0s |             ::1 | OPTIONS  "/activities/20009"
[GIN] 2024/09/02 - 14:22:48 | 200 |     13.7679ms |             ::1 | PUT      "/activities/20009"
[GIN] 2024/09/02 - 14:22:49 | 200 |       4.528ms |             ::1 | GET      "/activities/"
[GIN] 2024/09/02 - 14:22:50 | 200 |      1.6089ms |             ::1 | GET      "/activities/20009"
[GIN] 2024/09/02 - 14:22:53 | 204 |            0s |             ::1 | OPTIONS  "/activities/20009"
[GIN] 2024/09/02 - 14:22:53 | 200 |      5.3826ms |             ::1 | PUT      "/activities/20009"
[GIN] 2024/09/02 - 14:22:54 | 200 |      4.8431ms |             ::1 | GET      "/activities/"
[GIN] 2024/09/02 - 14:35:43 | 200 |     16.9983ms |             ::1 | GET      "/activities/"
[GIN] 2024/09/02 - 14:35:44 | 200 |      8.5213ms |             ::1 | GET      "/activities/"
[GIN] 2024/09/02 - 14:37:04 | 200 |      9.9886ms |             ::1 | GET      "/activities/"
[GIN] 2024/09/02 - 14:37:05 | 200 |      6.9994ms |             ::1 | GET      "/activities/"
[GIN] 2024/09/02 - 14:37:06 | 200 |     51.2101ms |             ::1 | GET      "/activities/"
